[debug] [2025-04-21T08:57:31.617Z] ----------------------------------------------------------------------
[debug] [2025-04-21T08:57:31.620Z] Command:       C:\Program Files\nodejs\node.exe C:\Users\LENOVO\AppData\Roaming\npm\node_modules\firebase-tools\lib\bin\firebase.js init hosting
[debug] [2025-04-21T08:57:31.621Z] CLI Version:   14.2.0
[debug] [2025-04-21T08:57:31.621Z] Platform:      win32
[debug] [2025-04-21T08:57:31.621Z] Node Version:  v22.14.0
[debug] [2025-04-21T08:57:31.622Z] Time:          Mon Apr 21 2025 15:57:31 GMT+0700 (Western Indonesia Time)
[debug] [2025-04-21T08:57:31.622Z] ----------------------------------------------------------------------
[debug] 
[debug] [2025-04-21T08:57:31.959Z] > command requires scopes: ["email","openid","https://www.googleapis.com/auth/cloudplatformprojects.readonly","https://www.googleapis.com/auth/firebase","https://www.googleapis.com/auth/cloud-platform"]
[debug] [2025-04-21T08:57:31.959Z] > authorizing via signed-in user (hafizal3254@gmail.com)
[info] 
     ######## #### ########  ######## ########     ###     ######  ########
     ##        ##  ##     ## ##       ##     ##  ##   ##  ##       ##
     ######    ##  ########  ######   ########  #########  ######  ######
     ##        ##  ##    ##  ##       ##     ## ##     ##       ## ##
     ##       #### ##     ## ######## ########  ##     ##  ######  ########

You're about to initialize a Firebase project in this directory:

  C:\apis3-1

Before we get started, keep in mind:

  * You are currently outside your home directory
  * You are initializing within an existing Firebase project directory

[info] 
=== Project Setup
[info] 
[info] First, let's associate this project directory with a Firebase project.
[info] You can create multiple project aliases by running firebase use --add, 
[info] but for now we'll just set up a default project.
[info] 
[debug] [2025-04-21T08:57:37.730Z] Using project from CLI flag: hafiz-project-3138
[debug] [2025-04-21T08:57:37.733Z] Checked if tokens are valid: false, expires at: 1745225941889
[debug] [2025-04-21T08:57:37.734Z] Checked if tokens are valid: false, expires at: 1745225941889
[debug] [2025-04-21T08:57:37.734Z] > refreshing access token with scopes: []
[debug] [2025-04-21T08:57:37.739Z] >>> [apiv2][query] POST https://www.googleapis.com/oauth2/v3/token [none]
[debug] [2025-04-21T08:57:37.739Z] >>> [apiv2][body] POST https://www.googleapis.com/oauth2/v3/token [omitted]
[debug] [2025-04-21T08:57:37.940Z] <<< [apiv2][status] POST https://www.googleapis.com/oauth2/v3/token 200
[debug] [2025-04-21T08:57:37.940Z] <<< [apiv2][body] POST https://www.googleapis.com/oauth2/v3/token [omitted]
[debug] [2025-04-21T08:57:37.951Z] >>> [apiv2][query] GET https://firebase.googleapis.com/v1beta1/projects/hafiz-project-3138 [none]
[debug] [2025-04-21T08:57:39.286Z] <<< [apiv2][status] GET https://firebase.googleapis.com/v1beta1/projects/hafiz-project-3138 200
[debug] [2025-04-21T08:57:39.286Z] <<< [apiv2][body] GET https://firebase.googleapis.com/v1beta1/projects/hafiz-project-3138 {"projectId":"hafiz-project-3138","projectNumber":"560316050392","displayName":"hafiz-project","name":"projects/hafiz-project-3138","resources":{"hostingSite":"hafiz-project-3138"},"state":"ACTIVE","etag":"1_0c0fddbe-f01e-46a1-ab69-154227ebe74a"}
[info] i  Using project hafiz-project-3138 (hafiz-project) 
[info] 
=== Hosting Setup
[debug] [2025-04-21T08:57:39.295Z] Checked if tokens are valid: true, expires at: 1745229456940
[debug] [2025-04-21T08:57:39.296Z] Checked if tokens are valid: true, expires at: 1745229456940
[debug] [2025-04-21T08:57:39.296Z] >>> [apiv2][query] GET https://firebase.googleapis.com/v1beta1/projects/hafiz-project-3138 [none]
[debug] [2025-04-21T08:57:40.590Z] <<< [apiv2][status] GET https://firebase.googleapis.com/v1beta1/projects/hafiz-project-3138 200
[debug] [2025-04-21T08:57:40.591Z] <<< [apiv2][body] GET https://firebase.googleapis.com/v1beta1/projects/hafiz-project-3138 {"projectId":"hafiz-project-3138","projectNumber":"560316050392","displayName":"hafiz-project","name":"projects/hafiz-project-3138","resources":{"hostingSite":"hafiz-project-3138"},"state":"ACTIVE","etag":"1_0c0fddbe-f01e-46a1-ab69-154227ebe74a"}
[info] 
[info] Your public directory is the folder (relative to your project directory) that
[info] will contain Hosting assets to be uploaded with firebase deploy. If you
[info] have a build process for your assets, use your build's output directory.
[info] 
